<?xml version="1.0" encoding="UTF-8"?>
<!-- Generated by org.testng.reporters.JUnitReportReporter -->
<testsuite hostname="Andrew-Laptop" name="com.bss.credo.AddPhoneTest" tests="1" failures="0" timestamp="9 Jul 2014 01:48:13 GMT" time="211.133" errors="0">
  <testcase name="testCartDetailsAddingPhoneData" time="211.133" classname="com.bss.credo.AddPhoneTest"/>
</testsuite> <!-- com.bss.credo.AddPhoneTest -->
